<?xml version="1.0" encoding="UTF-8"?>
<!-- Generated by org.testng.reporters.JUnitReportReporter -->
<testsuite hostname="DESKTOP-BJ5NU7R" failures="0" tests="62" name="RunAllFeatures" time="394.793" errors="1" timestamp="2025-01-11T17:41:49 CET" skipped="0">
  <testcase classname="RunAllFeatures" name="runScenario" time="8.365"/>
  <testcase classname="RunAllFeatures" name="runScenario" time="4.192"/>
  <testcase classname="RunAllFeatures" name="runScenario" time="7.378"/>
  <testcase classname="RunAllFeatures" name="runScenario" time="6.912"/>
  <testcase classname="RunAllFeatures" name="runScenario" time="3.923"/>
  <testcase classname="RunAllFeatures" name="runScenario" time="4.257"/>
  <testcase classname="RunAllFeatures" name="runScenario" time="7.298">
    <error message="no such element: Unable to locate element: {&quot;method&quot;:&quot;css selector&quot;,&quot;selector&quot;:&quot;#input\-email&quot;}
  (Session info: chrome=131.0.6778.265)
For documentation on this error, please visit: https://www.selenium.dev/documentation/webdriver/troubleshooting/errors#no-such-element-exception
Build info: version: &#039;4.27.0&#039;, revision: &#039;d6e718d134&#039;
System info: os.name: &#039;Windows 11&#039;, os.arch: &#039;amd64&#039;, os.version: &#039;10.0&#039;, java.version: &#039;23.0.1&#039;
Driver info: org.openqa.selenium.chrome.ChromeDriver
Command: [89a3eaa7eb3e0f1266d669828e7c0f3e, findElement {using=id, value=input-email}]
Capabilities {acceptInsecureCerts: false, browserName: chrome, browserVersion: 131.0.6778.265, chrome: {chromedriverVersion: 131.0.6778.85 (3d81e41b6f3a..., userDataDir: C:\Users\DAVIDB~1\AppData\L...}, fedcm:accounts: true, goog:chromeOptions: {debuggerAddress: localhost:61855}, networkConnectionEnabled: false, pageLoadStrategy: normal, platformName: windows, proxy: Proxy(), se:cdp: ws://localhost:61855/devtoo..., se:cdpVersion: 131.0.6778.265, setWindowRect: true, strictFileInteractability: false, timeouts: {implicit: 0, pageLoad: 300000, script: 30000}, unhandledPromptBehavior: dismiss and notify, webauthn:extension:credBlob: true, webauthn:extension:largeBlob: true, webauthn:extension:minPinLength: true, webauthn:extension:prf: true, webauthn:virtualAuthenticators: true}
Session ID: 89a3eaa7eb3e0f1266d669828e7c0f3e" type="org.openqa.selenium.NoSuchElementException">
      <![CDATA[org.openqa.selenium.NoSuchElementException: no such element: Unable to locate element: {"method":"css selector","selector":"#input\-email"}
  (Session info: chrome=131.0.6778.265)
For documentation on this error, please visit: https://www.selenium.dev/documentation/webdriver/troubleshooting/errors#no-such-element-exception
Build info: version: '4.27.0', revision: 'd6e718d134'
System info: os.name: 'Windows 11', os.arch: 'amd64', os.version: '10.0', java.version: '23.0.1'
Driver info: org.openqa.selenium.chrome.ChromeDriver
Command: [89a3eaa7eb3e0f1266d669828e7c0f3e, findElement {using=id, value=input-email}]
Capabilities {acceptInsecureCerts: false, browserName: chrome, browserVersion: 131.0.6778.265, chrome: {chromedriverVersion: 131.0.6778.85 (3d81e41b6f3a..., userDataDir: C:\Users\DAVIDB~1\AppData\L...}, fedcm:accounts: true, goog:chromeOptions: {debuggerAddress: localhost:61855}, networkConnectionEnabled: false, pageLoadStrategy: normal, platformName: windows, proxy: Proxy(), se:cdp: ws://localhost:61855/devtoo..., se:cdpVersion: 131.0.6778.265, setWindowRect: true, strictFileInteractability: false, timeouts: {implicit: 0, pageLoad: 300000, script: 30000}, unhandledPromptBehavior: dismiss and notify, webauthn:extension:credBlob: true, webauthn:extension:largeBlob: true, webauthn:extension:minPinLength: true, webauthn:extension:prf: true, webauthn:virtualAuthenticators: true}
Session ID: 89a3eaa7eb3e0f1266d669828e7c0f3e
at java.base/jdk.internal.reflect.DirectConstructorHandleAccessor.newInstance(DirectConstructorHandleAccessor.java:62)
at java.base/java.lang.reflect.Constructor.newInstanceWithCaller(Constructor.java:501)
at java.base/java.lang.reflect.Constructor.newInstance(Constructor.java:485)
at org.openqa.selenium.remote.ErrorCodec.decode(ErrorCodec.java:167)
at org.openqa.selenium.remote.codec.w3c.W3CHttpResponseCodec.decode(W3CHttpResponseCodec.java:138)
at org.openqa.selenium.remote.codec.w3c.W3CHttpResponseCodec.decode(W3CHttpResponseCodec.java:50)
at org.openqa.selenium.remote.HttpCommandExecutor.execute(HttpCommandExecutor.java:190)
at org.openqa.selenium.remote.service.DriverCommandExecutor.invokeExecute(DriverCommandExecutor.java:216)
at org.openqa.selenium.remote.service.DriverCommandExecutor.execute(DriverCommandExecutor.java:174)
at org.openqa.selenium.remote.RemoteWebDriver.execute(RemoteWebDriver.java:545)
at org.openqa.selenium.remote.ElementLocation$ElementFinder$2.findElement(ElementLocation.java:165)
at org.openqa.selenium.remote.ElementLocation.findElement(ElementLocation.java:59)
at org.openqa.selenium.remote.RemoteWebDriver.findElement(RemoteWebDriver.java:368)
at org.openqa.selenium.remote.RemoteWebDriver.findElement(RemoteWebDriver.java:362)
at steps.Steps_Feature.TheUserBuysAProduct(Steps_Feature.java:503)
at âœ½.the user buys a product(file:///C:/Users/David%20Bonilla/OneDrive/Escritorio/Universidad/4t%20curs%20universitari/1r%20semestre/Test%20i%20Qualitat%20del%20Software%20(TQS)/Proyecto/Segunda%20practica/PerformingTest/src/test/java/features/F07.feature:5)
]]>
    </error>
  </testcase> <!-- runScenario -->
  <testcase classname="RunAllFeatures" name="runScenario" time="4.029"/>
  <testcase classname="RunAllFeatures" name="runScenario" time="6.921"/>
  <testcase classname="RunAllFeatures" name="runScenario" time="5.725"/>
  <testcase classname="RunAllFeatures" name="runScenario" time="6.507"/>
  <testcase classname="RunAllFeatures" name="runScenario" time="3.944"/>
  <testcase classname="RunAllFeatures" name="runScenario" time="7.114"/>
  <testcase classname="RunAllFeatures" name="runScenario" time="6.970"/>
  <testcase classname="RunAllFeatures" name="runScenario" time="5.335"/>
  <testcase classname="RunAllFeatures" name="runScenario" time="4.073"/>
  <testcase classname="RunAllFeatures" name="runScenario" time="3.804"/>
  <testcase classname="RunAllFeatures" name="runScenario" time="6.007"/>
  <testcase classname="RunAllFeatures" name="runScenario" time="8.707"/>
  <testcase classname="RunAllFeatures" name="runScenario" time="7.470"/>
  <testcase classname="RunAllFeatures" name="runScenario" time="5.215"/>
  <testcase classname="RunAllFeatures" name="runScenario" time="6.446"/>
  <testcase classname="RunAllFeatures" name="runScenario" time="5.634"/>
  <testcase classname="RunAllFeatures" name="runScenario" time="6.029"/>
  <testcase classname="RunAllFeatures" name="runScenario" time="5.842"/>
  <testcase classname="RunAllFeatures" name="runScenario" time="4.159"/>
  <testcase classname="RunAllFeatures" name="runScenario" time="6.821"/>
  <testcase classname="RunAllFeatures" name="runScenario" time="5.209"/>
  <testcase classname="RunAllFeatures" name="runScenario" time="5.782"/>
  <testcase classname="RunAllFeatures" name="runScenario" time="5.100"/>
  <testcase classname="RunAllFeatures" name="runScenario" time="5.093"/>
  <testcase classname="RunAllFeatures" name="runScenario" time="5.346"/>
  <testcase classname="RunAllFeatures" name="runScenario" time="6.671"/>
  <testcase classname="RunAllFeatures" name="runScenario" time="6.830"/>
  <testcase classname="RunAllFeatures" name="runScenario" time="6.619"/>
  <testcase classname="RunAllFeatures" name="runScenario" time="7.000"/>
  <testcase classname="RunAllFeatures" name="runScenario" time="12.982"/>
  <testcase classname="RunAllFeatures" name="runScenario" time="16.695"/>
  <testcase classname="RunAllFeatures" name="runScenario" time="5.538"/>
  <testcase classname="RunAllFeatures" name="runScenario" time="4.260"/>
  <testcase classname="RunAllFeatures" name="runScenario" time="7.859"/>
  <testcase classname="RunAllFeatures" name="runScenario" time="4.097"/>
  <testcase classname="RunAllFeatures" name="runScenario" time="8.755"/>
  <testcase classname="RunAllFeatures" name="runScenario" time="6.273"/>
  <testcase classname="RunAllFeatures" name="runScenario" time="5.480"/>
  <testcase classname="RunAllFeatures" name="runScenario" time="13.089"/>
  <testcase classname="RunAllFeatures" name="runScenario" time="5.233"/>
  <testcase classname="RunAllFeatures" name="runScenario" time="4.975"/>
  <testcase classname="RunAllFeatures" name="runScenario" time="6.006"/>
  <testcase classname="RunAllFeatures" name="runScenario" time="11.342"/>
  <testcase classname="RunAllFeatures" name="runScenario" time="5.652"/>
  <testcase classname="RunAllFeatures" name="runScenario" time="4.093"/>
  <testcase classname="RunAllFeatures" name="runScenario" time="4.773"/>
  <testcase classname="RunAllFeatures" name="runScenario" time="4.266"/>
  <testcase classname="RunAllFeatures" name="runScenario" time="11.071"/>
  <testcase classname="RunAllFeatures" name="runScenario" time="6.044"/>
  <testcase classname="RunAllFeatures" name="runScenario" time="5.651"/>
  <testcase classname="RunAllFeatures" name="runScenario" time="5.991"/>
  <testcase classname="RunAllFeatures" name="runScenario" time="5.139"/>
  <testcase classname="RunAllFeatures" name="runScenario" time="6.680"/>
  <testcase classname="RunAllFeatures" name="runScenario" time="3.998"/>
  <testcase classname="RunAllFeatures" name="runScenario" time="6.124"/>
</testsuite> <!-- RunAllFeatures -->
