<?xml version="1.0" encoding="UTF-8"?>
<!-- Generated by org.testng.reporters.JUnitReportReporter -->
<testsuite hostname="DESKTOP-BJ5NU7R" failures="0" tests="1" name="Run_Feature1" time="7.192" errors="1" timestamp="2024-12-20T16:46:18 CET" skipped="0">
  <testcase classname="Run_Feature1" name="runScenario" time="7.192">
    <error message="Compound class names not permitted
For documentation on this error, please visit: https://www.selenium.dev/documentation/webdriver/troubleshooting/errors#invalid-selector-exception
Build info: version: &#039;4.26.0&#039;, revision: &#039;8ccf0219d7&#039;
System info: os.name: &#039;Windows 11&#039;, os.arch: &#039;amd64&#039;, os.version: &#039;10.0&#039;, java.version: &#039;23.0.1&#039;
Driver info: driver.version: unknown" type="org.openqa.selenium.InvalidSelectorException">
      <![CDATA[org.openqa.selenium.InvalidSelectorException: Compound class names not permitted
For documentation on this error, please visit: https://www.selenium.dev/documentation/webdriver/troubleshooting/errors#invalid-selector-exception
Build info: version: '4.26.0', revision: '8ccf0219d7'
System info: os.name: 'Windows 11', os.arch: 'amd64', os.version: '10.0', java.version: '23.0.1'
Driver info: driver.version: unknown
at org.openqa.selenium.By$ByClassName.<init>(By.java:309)
at org.openqa.selenium.By.className(By.java:100)
at steps.Steps_Feature1.TheUserClicksOnTheContinueButton(Steps_Feature1.java:47)
at âœ½.the user clicks on the continue button(file:///C:/Users/David%20Bonilla/OneDrive/Escritorio/Universidad/4t%20curs%20universitari/1r%20semestre/Test%20i%20Qualitat%20del%20Software%20(TQS)/Proyecto/Segunda%20practica/PerformingTest/src/test/java/features/F1.feature:14)
]]>
    </error>
  </testcase> <!-- runScenario -->
</testsuite> <!-- Run_Feature1 -->
